<?xml version="1.0" encoding="UTF-8"?>
<!-- Generated by org.testng.reporters.JUnitReportReporter -->
<testsuite hostname="NOW-HSINGH" name="testcases.VerifyHomePage" tests="2" failures="0" timestamp="31 Oct 2017 17:53:05 GMT" time="2.021" errors="0">
  <testcase name="testHomePage" time="0.592" classname="testcases.VerifyHomePage"/>
  <testcase name="ClickKMIS_IMG" time="1.429" classname="testcases.VerifyHomePage"/>
</testsuite> <!-- testcases.VerifyHomePage -->
