<?xml version="1.0" encoding="UTF-8"?>
<!-- Generated by org.testng.reporters.JUnitReportReporter -->
<testsuite hostname="NOW-HSINGH" name="testcases.VerifyFooterPage" tests="10" failures="0" timestamp="31 Oct 2017 17:53:05 GMT" time="10.319" errors="0">
  <testcase name="PressRelease" time="0.546" classname="testcases.VerifyFooterPage"/>
  <testcase name="Scrolltofooter" time="2.602" classname="testcases.VerifyFooterPage"/>
  <testcase name="ClickHFCLLC" time="0.866" classname="testcases.VerifyFooterPage"/>
  <testcase name="ClickHankeyInvestment" time="0.465" classname="testcases.VerifyFooterPage"/>
  <testcase name="ClickWestlakeFinService" time="1.049" classname="testcases.VerifyFooterPage"/>
  <testcase name="ClickKnightInsuranceGroup" time="1.124" classname="testcases.VerifyFooterPage"/>
  <testcase name="ClickNorthHollywoodToyota" time="1.008" classname="testcases.VerifyFooterPage"/>
  <testcase name="ClickNowcom" time="1.278" classname="testcases.VerifyFooterPage"/>
  <testcase name="ClickMCar" time="0.824" classname="testcases.VerifyFooterPage"/>
  <testcase name="ClickHankeyCapital" time="0.557" classname="testcases.VerifyFooterPage"/>
</testsuite> <!-- testcases.VerifyFooterPage -->
