<?xml version="1.0" encoding="UTF-8"?>
<!-- Generated by org.testng.reporters.JUnitReportReporter -->
<testsuite hostname="NOW-HSINGH" name="testcases.VerifyManagementPage" tests="7" failures="0" timestamp="31 Oct 2017 17:53:05 GMT" time="13.233" errors="0">
  <testcase name="ClickAmitShahimg" time="1.570" classname="testcases.VerifyManagementPage"/>
  <testcase name="ClickDonHankeyimg" time="4.765" classname="testcases.VerifyManagementPage"/>
  <testcase name="ClickAlexandraBelaya" time="1.335" classname="testcases.VerifyManagementPage"/>
  <testcase name="ClickDavidKeum" time="1.442" classname="testcases.VerifyManagementPage"/>
  <testcase name="ClickJohnRygh" time="1.871" classname="testcases.VerifyManagementPage"/>
  <testcase name="ClickManagementlink" time="0.816" classname="testcases.VerifyManagementPage"/>
  <testcase name="ClickVanceOwnber" time="1.434" classname="testcases.VerifyManagementPage"/>
</testsuite> <!-- testcases.VerifyManagementPage -->
