<?xml version="1.0" encoding="UTF-8"?>
<!-- Generated by org.testng.reporters.JUnitReportReporter -->
<testsuite hostname="NOW-HSINGH" name="testcases.VerifyProductsPage" tests="17" failures="0" timestamp="31 Oct 2017 17:53:05 GMT" time="11.409" errors="0">
  <testcase name="ClickGuranteedAssetProtection" time="0.428" classname="testcases.VerifyProductsPage"/>
  <testcase name="ClickFleetLiability" time="0.349" classname="testcases.VerifyProductsPage"/>
  <testcase name="ClickEquityProtectionlink" time="1.734" classname="testcases.VerifyProductsPage"/>
  <testcase name="ClickCommercialAutomotivelink" time="0.456" classname="testcases.VerifyProductsPage"/>
  <testcase name="ClickAutomotiveRental" time="0.343" classname="testcases.VerifyProductsPage"/>
  <testcase name="ClickAutomotiveDealership" time="0.586" classname="testcases.VerifyProductsPage"/>
  <testcase name="ClickMortgageServiceProviderEO" time="0.559" classname="testcases.VerifyProductsPage"/>
  <testcase name="ClickSupplementalLiabilityInsurance" time="0.437" classname="testcases.VerifyProductsPage"/>
  <testcase name="ClickSuretyBonds" time="0.434" classname="testcases.VerifyProductsPage"/>
  <testcase name="ClickRenterLiabilityProtection" time="0.407" classname="testcases.VerifyProductsPage"/>
  <testcase name="ClickTruckingTransportation" time="0.342" classname="testcases.VerifyProductsPage"/>
  <testcase name="ClickManagementLiabilityFinancial" time="0.353" classname="testcases.VerifyProductsPage"/>
  <testcase name="ClickProductslink" time="0.877" classname="testcases.VerifyProductsPage"/>
  <testcase name="ClickPersonalEffectsCoverage" time="0.291" classname="testcases.VerifyProductsPage"/>
  <testcase name="ClickMortalityProtection" time="2.195" classname="testcases.VerifyProductsPage"/>
  <testcase name="ClickNonFranAutoDealerships" time="1.008" classname="testcases.VerifyProductsPage"/>
  <testcase name="ClickPersonalAccidentProtection" time="0.610" classname="testcases.VerifyProductsPage"/>
</testsuite> <!-- testcases.VerifyProductsPage -->
