<?xml version="1.0" encoding="UTF-8"?>
<!-- Generated by org.testng.reporters.JUnitReportReporter -->
<testsuite hostname="NOW-HSINGH" name="testcases.VerifyClaimsPage" tests="8" failures="0" timestamp="31 Oct 2017 17:53:05 GMT" time="9.827" errors="0">
  <testcase name="ClickClaims" time="1.252" classname="testcases.VerifyClaimsPage"/>
  <testcase name="fillAccidentinfo" time="0.708" classname="testcases.VerifyClaimsPage"/>
  <testcase name="claimform" time="1.292" classname="testcases.VerifyClaimsPage"/>
  <testcase name="fillPersonalinfo" time="0.987" classname="testcases.VerifyClaimsPage"/>
  <testcase name="ClickStartClaims" time="3.618" classname="testcases.VerifyClaimsPage"/>
  <testcase name="SearchPolicyPrefix" time="0.570" classname="testcases.VerifyClaimsPage"/>
  <testcase name="fillInsuredvehicleinfo" time="0.883" classname="testcases.VerifyClaimsPage"/>
  <testcase name="clickCloseclaimreport" time="0.517" classname="testcases.VerifyClaimsPage"/>
</testsuite> <!-- testcases.VerifyClaimsPage -->
